Starting a Gradle Daemon, 1 busy and 1 incompatible and 6 stopped Daemons could not be reused, use --status for details
Reusing configuration cache.
> Task :java-order-service:extractProto UP-TO-DATE
> Task :java-order-service:extractIncludeProto UP-TO-DATE
> Task :java-order-service:processResources UP-TO-DATE
> Task :java-order-service:generateProto UP-TO-DATE
> Task :java-order-service:compileJava UP-TO-DATE
> Task :java-order-service:classes UP-TO-DATE

> Task :java-order-service:run
18:40:40.015 [main] INFO  c.example.orderservice.ServiceConfig - Using default value for SERVICE_NAME: order-service
18:40:40.017 [main] INFO  c.example.orderservice.ServiceConfig - Using environment value for ORDINAL: 2
18:40:40.018 [main] INFO  c.example.orderservice.ServiceConfig - Using environment value for ADMIN_PORT: 9091
18:40:40.019 [main] INFO  c.example.orderservice.ServiceConfig - Using environment value for FIX_PORT: 8081
18:40:40.019 [main] INFO  c.example.orderservice.ServiceConfig - Using default value for CONSUL_HOST: localhost
18:40:40.019 [main] INFO  c.example.orderservice.ServiceConfig - Using default value for CONSUL_PORT: 8500
18:40:40.019 [main] INFO  c.example.orderservice.ServiceConfig - Using environment value for FIX_CLIENT_ID: ORDER_SERVICE_002
18:40:40.019 [main] INFO  c.example.orderservice.ServiceConfig - Using default value for FIX_TARGET_COMP_ID: EXCHANGE
18:40:40.019 [main] INFO  c.example.orderservice.ServiceConfig - Using default value for FIX_SENDER_COMP_ID: ORDER_SERVICE
18:40:40.019 [main] INFO  c.example.orderservice.ServiceConfig - Using default value for FIX_HEARTBEAT_INTERVAL: 30
18:40:40.020 [main] INFO  c.example.orderservice.ServiceConfig - Using default value for FIX_VERSION: FIX.4.4
18:40:40.020 [main] INFO  c.example.orderservice.ServiceConfig - Using default value for MOCK_ORDER_INITIAL_DELAY: 5
18:40:40.020 [main] INFO  c.example.orderservice.ServiceConfig - Using default value for MOCK_ORDER_INTERVAL: 10
18:40:40.020 [main] INFO  c.example.orderservice.ServiceConfig - Using default value for MOCK_ORDER_ENABLED: true
18:40:40.020 [main] INFO  c.example.orderservice.ServiceConfig - Using default value for SERVICE_TAGS: java,order-service,admin,fix
18:40:40.020 [main] INFO  c.example.orderservice.ServiceConfig - === Service Configuration ===
18:40:40.020 [main] INFO  c.example.orderservice.ServiceConfig - Service Name: order-service
18:40:40.020 [main] INFO  c.example.orderservice.ServiceConfig - Ordinal: 2
18:40:40.020 [main] INFO  c.example.orderservice.ServiceConfig - Service ID: order-service-2
18:40:40.020 [main] INFO  c.example.orderservice.ServiceConfig - Admin Port: 9091
18:40:40.020 [main] INFO  c.example.orderservice.ServiceConfig - FIX Port: 8081
18:40:40.020 [main] INFO  c.example.orderservice.ServiceConfig - Consul Address: localhost:8500
18:40:40.020 [main] INFO  c.example.orderservice.ServiceConfig - FIX Client ID: ORDER_SERVICE_002
18:40:40.020 [main] INFO  c.example.orderservice.ServiceConfig - FIX Target Comp ID: EXCHANGE
18:40:40.020 [main] INFO  c.example.orderservice.ServiceConfig - FIX Sender Comp ID: ORDER_SERVICE
18:40:40.020 [main] INFO  c.example.orderservice.ServiceConfig - FIX Heartbeat Interval: 30
18:40:40.020 [main] INFO  c.example.orderservice.ServiceConfig - FIX Version: FIX.4.4
18:40:40.020 [main] INFO  c.example.orderservice.ServiceConfig - Mock Order Enabled: true
18:40:40.020 [main] INFO  c.example.orderservice.ServiceConfig - Mock Order Initial Delay: 5
18:40:40.020 [main] INFO  c.example.orderservice.ServiceConfig - Mock Order Interval: 10
18:40:40.020 [main] INFO  c.example.orderservice.ServiceConfig - Service Tags: java, order-service, admin, fix
18:40:40.020 [main] INFO  c.example.orderservice.ServiceConfig - =============================
18:40:40.030 [main] ERROR c.example.orderservice.OrderManager - REJECTED mock FIX order: ORDER-000001 - SELL AMD 970 shares @ ${:.2f} (reason: 493.8746398629023)
18:40:40.030 [main] ERROR c.example.orderservice.OrderManager - REJECTED mock FIX order: ORDER-000002 - BUY AVGO 901 shares @ ${:.2f} (reason: 270.1385786355668)
18:40:40.030 [main] ERROR c.example.orderservice.OrderManager - REJECTED mock FIX order: ORDER-000003 - SELL MSFT 748 shares @ ${:.2f} (reason: 356.8321742657464)
18:40:40.030 [main] ERROR c.example.orderservice.OrderManager - REJECTED mock FIX order: ORDER-000004 - SELL NVDA 309 shares @ ${:.2f} (reason: 260.13441619114894)
18:40:40.031 [main] ERROR c.example.orderservice.OrderManager - REJECTED mock FIX order: ORDER-000005 - SELL NFLX 217 shares @ ${:.2f} (reason: 404.6610292499509)
18:40:40.031 [main] ERROR c.example.orderservice.OrderManager - REJECTED mock FIX order: ORDER-000006 - BUY ENTG 352 shares @ ${:.2f} (reason: 403.3298353065791)
18:40:40.031 [main] ERROR c.example.orderservice.OrderManager - REJECTED mock FIX order: ORDER-000007 - SELL MCHP 777 shares @ ${:.2f} (reason: 340.94873951606115)
18:40:40.031 [main] ERROR c.example.orderservice.OrderManager - REJECTED mock FIX order: ORDER-000008 - BUY META 776 shares @ ${:.2f} (reason: 226.22595409169577)
18:40:40.031 [main] ERROR c.example.orderservice.OrderManager - REJECTED mock FIX order: ORDER-000009 - SELL META 1079 shares @ ${:.2f} (reason: 371.57874995292383)
18:40:40.032 [main] ERROR c.example.orderservice.OrderManager - REJECTED mock FIX order: ORDER-000010 - BUY NFLX 539 shares @ ${:.2f} (reason: 312.13058512161024)
18:40:40.230 [main] INFO  c.e.o.OrderServiceApplication - Starting Order Service (ID: order-service-2)...
18:40:40.231 [main] INFO  c.example.orderservice.fix.FixServer - FIX server STARTED on port 8081
18:40:40.232 [main] INFO  c.e.o.OrderServiceApplication - FIX server started on port 8081
18:40:40.310 [main] INFO  c.e.orderservice.admin.AdminServer - Admin server started on port 9091
18:40:40.310 [main] INFO  c.e.o.OrderServiceApplication - Admin server started on port 9091
18:40:40.365 [main] INFO  c.e.o.consul.ConsulRegistration - Successfully registered FIX order service 'order-service' with Consul
18:40:40.365 [main] INFO  c.e.o.OrderServiceApplication - Registered with Consul
18:40:40.366 [main] INFO  c.e.o.OrderServiceApplication - Order Service started successfully
18:40:40.366 [main] INFO  c.e.o.OrderServiceApplication - Order Service is running. Press Ctrl+C to stop.
18:40:44.026 [pool-1-thread-1] INFO  c.example.orderservice.fix.FixServer - FIX client connected: /0:0:0:0:0:0:0:1
18:40:45.370 [pool-3-thread-1] INFO  c.example.orderservice.OrderManager - Generated mock FIX order: ORDER-000011 - SELL CRM 783 shares @ ${:.2f}
18:40:45.370 [pool-3-thread-1] DEBUG c.e.o.OrderServiceApplication - Generated mock order
18:40:54.026 [pool-1-thread-1] INFO  c.example.orderservice.fix.FixServer - FIX client connected: /0:0:0:0:0:0:0:1
18:40:55.371 [pool-3-thread-1] INFO  c.example.orderservice.OrderManager - Generated mock FIX order: ORDER-000012 - SELL TER 440 shares @ ${:.2f}
18:40:55.371 [pool-3-thread-1] DEBUG c.e.o.OrderServiceApplication - Generated mock order
18:41:04.028 [pool-1-thread-1] INFO  c.example.orderservice.fix.FixServer - FIX client connected: /0:0:0:0:0:0:0:1
18:41:05.368 [pool-3-thread-1] INFO  c.example.orderservice.OrderManager - Generated mock FIX order: ORDER-000013 - BUY AMZN 779 shares @ ${:.2f}
18:41:05.368 [pool-3-thread-1] DEBUG c.e.o.OrderServiceApplication - Generated mock order
18:41:10.865 [grpc-default-executor-0] WARN  c.example.orderservice.fix.FixServer - FORCE SHUTDOWN of FIX server on port 8081
18:41:10.866 [grpc-default-executor-0] INFO  c.example.orderservice.fix.FixServer - FIX server socket FORCE CLOSED on port 8081
18:41:10.866 [grpc-default-executor-0] INFO  c.example.orderservice.fix.FixServer - FIX server FORCE STOPPED on port 8081
18:41:10.866 [grpc-default-executor-0] INFO  c.e.o.OrderServiceApplication - >>> FIX server DISABLED via admin command <<<
18:41:15.371 [pool-3-thread-1] ERROR c.example.orderservice.OrderManager - REJECTED mock FIX order: ORDER-000014 - SELL AMD 567 shares @ ${:.2f} (reason: 440.18889394471637)
18:41:15.371 [pool-3-thread-1] DEBUG c.e.o.OrderServiceApplication - Generated mock order
18:41:25.368 [pool-3-thread-1] ERROR c.example.orderservice.OrderManager - REJECTED mock FIX order: ORDER-000015 - BUY CRM 187 shares @ ${:.2f} (reason: 152.17506001612614)
18:41:25.368 [pool-3-thread-1] DEBUG c.e.o.OrderServiceApplication - Generated mock order
18:41:35.371 [pool-3-thread-1] ERROR c.example.orderservice.OrderManager - REJECTED mock FIX order: ORDER-000016 - BUY MCHP 420 shares @ ${:.2f} (reason: 232.086572626373)
18:41:35.371 [pool-3-thread-1] DEBUG c.e.o.OrderServiceApplication - Generated mock order
18:41:45.371 [pool-3-thread-1] ERROR c.example.orderservice.OrderManager - REJECTED mock FIX order: ORDER-000017 - BUY ASML 518 shares @ ${:.2f} (reason: 62.66711140777726)
18:41:45.372 [pool-3-thread-1] DEBUG c.e.o.OrderServiceApplication - Generated mock order
18:41:55.373 [pool-3-thread-1] ERROR c.example.orderservice.OrderManager - REJECTED mock FIX order: ORDER-000018 - SELL META 442 shares @ ${:.2f} (reason: 337.18120068478703)
18:41:55.374 [pool-3-thread-1] DEBUG c.e.o.OrderServiceApplication - Generated mock order
18:42:05.372 [pool-3-thread-1] ERROR c.example.orderservice.OrderManager - REJECTED mock FIX order: ORDER-000019 - BUY MSFT 265 shares @ ${:.2f} (reason: 497.7422626423979)
18:42:05.372 [pool-3-thread-1] DEBUG c.e.o.OrderServiceApplication - Generated mock order
18:42:15.368 [pool-3-thread-1] ERROR c.example.orderservice.OrderManager - REJECTED mock FIX order: ORDER-000020 - SELL TXN 609 shares @ ${:.2f} (reason: 58.693539066914944)
18:42:15.368 [pool-3-thread-1] DEBUG c.e.o.OrderServiceApplication - Generated mock order
18:42:25.369 [pool-3-thread-1] ERROR c.example.orderservice.OrderManager - REJECTED mock FIX order: ORDER-000021 - BUY MRVL 739 shares @ ${:.2f} (reason: 146.73021441662672)
18:42:25.370 [pool-3-thread-1] DEBUG c.e.o.OrderServiceApplication - Generated mock order
18:42:35.372 [pool-3-thread-1] ERROR c.example.orderservice.OrderManager - REJECTED mock FIX order: ORDER-000022 - SELL AAPL 859 shares @ ${:.2f} (reason: 102.67342294205702)
18:42:35.372 [pool-3-thread-1] DEBUG c.e.o.OrderServiceApplication - Generated mock order
18:42:45.369 [pool-3-thread-1] ERROR c.example.orderservice.OrderManager - REJECTED mock FIX order: ORDER-000023 - SELL NVDA 474 shares @ ${:.2f} (reason: 228.03471131477)
18:42:45.369 [pool-3-thread-1] DEBUG c.e.o.OrderServiceApplication - Generated mock order
18:42:55.371 [pool-3-thread-1] ERROR c.example.orderservice.OrderManager - REJECTED mock FIX order: ORDER-000024 - BUY MSFT 152 shares @ ${:.2f} (reason: 246.20638425232713)
18:42:55.371 [pool-3-thread-1] DEBUG c.e.o.OrderServiceApplication - Generated mock order
18:43:05.373 [pool-3-thread-1] ERROR c.example.orderservice.OrderManager - REJECTED mock FIX order: ORDER-000025 - BUY AAPL 453 shares @ ${:.2f} (reason: 392.22807332577474)
18:43:05.373 [pool-3-thread-1] DEBUG c.e.o.OrderServiceApplication - Generated mock order
18:43:15.372 [pool-3-thread-1] ERROR c.example.orderservice.OrderManager - REJECTED mock FIX order: ORDER-000026 - SELL TER 323 shares @ ${:.2f} (reason: 314.8534121871659)
18:43:15.373 [pool-3-thread-1] DEBUG c.e.o.OrderServiceApplication - Generated mock order
18:43:25.371 [pool-3-thread-1] ERROR c.example.orderservice.OrderManager - REJECTED mock FIX order: ORDER-000027 - SELL LRCX 206 shares @ ${:.2f} (reason: 143.9288185463114)
18:43:25.371 [pool-3-thread-1] DEBUG c.e.o.OrderServiceApplication - Generated mock order
18:43:35.373 [pool-3-thread-1] ERROR c.example.orderservice.OrderManager - REJECTED mock FIX order: ORDER-000028 - SELL KLAC 729 shares @ ${:.2f} (reason: 279.5223823410524)
18:43:35.373 [pool-3-thread-1] DEBUG c.e.o.OrderServiceApplication - Generated mock order
18:43:45.369 [pool-3-thread-1] ERROR c.example.orderservice.OrderManager - REJECTED mock FIX order: ORDER-000029 - SELL MRVL 196 shares @ ${:.2f} (reason: 433.1502935305394)
18:43:45.370 [pool-3-thread-1] DEBUG c.e.o.OrderServiceApplication - Generated mock order
18:43:55.369 [pool-3-thread-1] ERROR c.example.orderservice.OrderManager - REJECTED mock FIX order: ORDER-000030 - BUY NFLX 286 shares @ ${:.2f} (reason: 303.2198723254071)
18:43:55.369 [pool-3-thread-1] DEBUG c.e.o.OrderServiceApplication - Generated mock order
18:44:05.372 [pool-3-thread-1] ERROR c.example.orderservice.OrderManager - REJECTED mock FIX order: ORDER-000031 - SELL NVDA 282 shares @ ${:.2f} (reason: 105.75043319884264)
18:44:05.373 [pool-3-thread-1] DEBUG c.e.o.OrderServiceApplication - Generated mock order
18:44:15.372 [pool-3-thread-1] ERROR c.example.orderservice.OrderManager - REJECTED mock FIX order: ORDER-000032 - BUY AMD 835 shares @ ${:.2f} (reason: 160.06813671873107)
18:44:15.372 [pool-3-thread-1] DEBUG c.e.o.OrderServiceApplication - Generated mock order
18:44:25.371 [pool-3-thread-1] ERROR c.example.orderservice.OrderManager - REJECTED mock FIX order: ORDER-000033 - BUY ASML 160 shares @ ${:.2f} (reason: 184.383469039437)
18:44:25.372 [pool-3-thread-1] DEBUG c.e.o.OrderServiceApplication - Generated mock order
18:44:35.373 [pool-3-thread-1] ERROR c.example.orderservice.OrderManager - REJECTED mock FIX order: ORDER-000034 - SELL AAPL 695 shares @ ${:.2f} (reason: 105.26992659923091)
18:44:35.373 [pool-3-thread-1] DEBUG c.e.o.OrderServiceApplication - Generated mock order
18:44:45.373 [pool-3-thread-1] ERROR c.example.orderservice.OrderManager - REJECTED mock FIX order: ORDER-000035 - BUY ADI 955 shares @ ${:.2f} (reason: 222.53558097378928)
18:44:45.373 [pool-3-thread-1] DEBUG c.e.o.OrderServiceApplication - Generated mock order
18:44:55.371 [pool-3-thread-1] ERROR c.example.orderservice.OrderManager - REJECTED mock FIX order: ORDER-000036 - SELL LRCX 361 shares @ ${:.2f} (reason: 527.1010956707889)
18:44:55.371 [pool-3-thread-1] DEBUG c.e.o.OrderServiceApplication - Generated mock order
18:45:05.372 [pool-3-thread-1] ERROR c.example.orderservice.OrderManager - REJECTED mock FIX order: ORDER-000037 - BUY TER 683 shares @ ${:.2f} (reason: 332.96255597145176)
18:45:05.372 [pool-3-thread-1] DEBUG c.e.o.OrderServiceApplication - Generated mock order
18:45:15.374 [pool-3-thread-1] ERROR c.example.orderservice.OrderManager - REJECTED mock FIX order: ORDER-000038 - BUY AMAT 1023 shares @ ${:.2f} (reason: 256.3093544220246)
18:45:15.374 [pool-3-thread-1] DEBUG c.e.o.OrderServiceApplication - Generated mock order
18:45:25.374 [pool-3-thread-1] ERROR c.example.orderservice.OrderManager - REJECTED mock FIX order: ORDER-000039 - SELL META 425 shares @ ${:.2f} (reason: 512.845326134819)
18:45:25.374 [pool-3-thread-1] DEBUG c.e.o.OrderServiceApplication - Generated mock order
18:45:35.374 [pool-3-thread-1] ERROR c.example.orderservice.OrderManager - REJECTED mock FIX order: ORDER-000040 - BUY INTC 814 shares @ ${:.2f} (reason: 229.3594002131187)
18:45:35.374 [pool-3-thread-1] DEBUG c.e.o.OrderServiceApplication - Generated mock order
18:45:45.369 [pool-3-thread-1] ERROR c.example.orderservice.OrderManager - REJECTED mock FIX order: ORDER-000041 - BUY COHR 154 shares @ ${:.2f} (reason: 247.50900433544388)
18:45:45.370 [pool-3-thread-1] DEBUG c.e.o.OrderServiceApplication - Generated mock order
18:45:55.372 [pool-3-thread-1] ERROR c.example.orderservice.OrderManager - REJECTED mock FIX order: ORDER-000042 - BUY QCOM 166 shares @ ${:.2f} (reason: 198.7167254127276)
18:45:55.372 [pool-3-thread-1] DEBUG c.e.o.OrderServiceApplication - Generated mock order
18:46:05.374 [pool-3-thread-1] ERROR c.example.orderservice.OrderManager - REJECTED mock FIX order: ORDER-000043 - BUY AAPL 389 shares @ ${:.2f} (reason: 475.4438188630163)
18:46:05.374 [pool-3-thread-1] DEBUG c.e.o.OrderServiceApplication - Generated mock order
18:46:15.375 [pool-3-thread-1] ERROR c.example.orderservice.OrderManager - REJECTED mock FIX order: ORDER-000044 - SELL MRVL 513 shares @ ${:.2f} (reason: 293.7917171219242)
18:46:15.375 [pool-3-thread-1] DEBUG c.e.o.OrderServiceApplication - Generated mock order
18:46:25.374 [pool-3-thread-1] ERROR c.example.orderservice.OrderManager - REJECTED mock FIX order: ORDER-000045 - BUY ADI 988 shares @ ${:.2f} (reason: 94.0177141619975)
18:46:25.375 [pool-3-thread-1] DEBUG c.e.o.OrderServiceApplication - Generated mock order
18:46:35.375 [pool-3-thread-1] ERROR c.example.orderservice.OrderManager - REJECTED mock FIX order: ORDER-000046 - BUY ORCL 608 shares @ ${:.2f} (reason: 62.32474832620084)
18:46:35.375 [pool-3-thread-1] DEBUG c.e.o.OrderServiceApplication - Generated mock order
18:46:45.374 [pool-3-thread-1] ERROR c.example.orderservice.OrderManager - REJECTED mock FIX order: ORDER-000047 - BUY INTC 810 shares @ ${:.2f} (reason: 508.6361631579842)
18:46:45.374 [pool-3-thread-1] DEBUG c.e.o.OrderServiceApplication - Generated mock order
18:46:55.371 [pool-3-thread-1] ERROR c.example.orderservice.OrderManager - REJECTED mock FIX order: ORDER-000048 - SELL META 985 shares @ ${:.2f} (reason: 54.99305208244849)
18:46:55.371 [pool-3-thread-1] DEBUG c.e.o.OrderServiceApplication - Generated mock order
18:47:05.375 [pool-3-thread-1] ERROR c.example.orderservice.OrderManager - REJECTED mock FIX order: ORDER-000049 - SELL AMAT 402 shares @ ${:.2f} (reason: 110.70594175162842)
18:47:05.375 [pool-3-thread-1] DEBUG c.e.o.OrderServiceApplication - Generated mock order
18:47:15.372 [pool-3-thread-1] ERROR c.example.orderservice.OrderManager - REJECTED mock FIX order: ORDER-000050 - SELL TSM 377 shares @ ${:.2f} (reason: 361.0388148240804)
18:47:15.372 [pool-3-thread-1] DEBUG c.e.o.OrderServiceApplication - Generated mock order
18:47:25.375 [pool-3-thread-1] ERROR c.example.orderservice.OrderManager - REJECTED mock FIX order: ORDER-000051 - SELL NVDA 967 shares @ ${:.2f} (reason: 70.67666508674465)
18:47:25.375 [pool-3-thread-1] DEBUG c.e.o.OrderServiceApplication - Generated mock order
18:47:35.376 [pool-3-thread-1] ERROR c.example.orderservice.OrderManager - REJECTED mock FIX order: ORDER-000052 - SELL MSFT 905 shares @ ${:.2f} (reason: 103.99230467088256)
18:47:35.376 [pool-3-thread-1] DEBUG c.e.o.OrderServiceApplication - Generated mock order
18:47:45.374 [pool-3-thread-1] ERROR c.example.orderservice.OrderManager - REJECTED mock FIX order: ORDER-000053 - SELL TER 237 shares @ ${:.2f} (reason: 362.3128816563738)
18:47:45.374 [pool-3-thread-1] DEBUG c.e.o.OrderServiceApplication - Generated mock order
18:47:55.375 [pool-3-thread-1] ERROR c.example.orderservice.OrderManager - REJECTED mock FIX order: ORDER-000054 - SELL AMAT 792 shares @ ${:.2f} (reason: 272.3953230119299)
18:47:55.375 [pool-3-thread-1] DEBUG c.e.o.OrderServiceApplication - Generated mock order
18:48:05.374 [pool-3-thread-1] ERROR c.example.orderservice.OrderManager - REJECTED mock FIX order: ORDER-000055 - SELL GOOGL 699 shares @ ${:.2f} (reason: 380.3958939091221)
18:48:05.375 [pool-3-thread-1] DEBUG c.e.o.OrderServiceApplication - Generated mock order
18:48:15.375 [pool-3-thread-1] ERROR c.example.orderservice.OrderManager - REJECTED mock FIX order: ORDER-000056 - SELL META 805 shares @ ${:.2f} (reason: 188.18163197516182)
18:48:15.375 [pool-3-thread-1] DEBUG c.e.o.OrderServiceApplication - Generated mock order
18:48:25.374 [pool-3-thread-1] ERROR c.example.orderservice.OrderManager - REJECTED mock FIX order: ORDER-000057 - BUY LRCX 794 shares @ ${:.2f} (reason: 365.03957233532867)
18:48:25.375 [pool-3-thread-1] DEBUG c.e.o.OrderServiceApplication - Generated mock order
18:48:35.375 [pool-3-thread-1] ERROR c.example.orderservice.OrderManager - REJECTED mock FIX order: ORDER-000058 - BUY AMAT 679 shares @ ${:.2f} (reason: 116.46881231714113)
18:48:35.375 [pool-3-thread-1] DEBUG c.e.o.OrderServiceApplication - Generated mock order
18:48:45.375 [pool-3-thread-1] ERROR c.example.orderservice.OrderManager - REJECTED mock FIX order: ORDER-000059 - BUY ENTG 479 shares @ ${:.2f} (reason: 317.05833654244196)
18:48:45.375 [pool-3-thread-1] DEBUG c.e.o.OrderServiceApplication - Generated mock order
18:48:55.376 [pool-3-thread-1] ERROR c.example.orderservice.OrderManager - REJECTED mock FIX order: ORDER-000060 - BUY QCOM 427 shares @ ${:.2f} (reason: 245.44729845840004)
18:48:55.376 [pool-3-thread-1] DEBUG c.e.o.OrderServiceApplication - Generated mock order
18:49:05.373 [pool-3-thread-1] ERROR c.example.orderservice.OrderManager - REJECTED mock FIX order: ORDER-000061 - SELL INTC 489 shares @ ${:.2f} (reason: 247.2443625675827)
18:49:05.373 [pool-3-thread-1] DEBUG c.e.o.OrderServiceApplication - Generated mock order
18:49:15.372 [pool-3-thread-1] ERROR c.example.orderservice.OrderManager - REJECTED mock FIX order: ORDER-000062 - SELL QCOM 369 shares @ ${:.2f} (reason: 428.3694573218116)
18:49:15.373 [pool-3-thread-1] DEBUG c.e.o.OrderServiceApplication - Generated mock order
18:49:25.377 [pool-3-thread-1] ERROR c.example.orderservice.OrderManager - REJECTED mock FIX order: ORDER-000063 - BUY ADI 351 shares @ ${:.2f} (reason: 491.45098074897163)
18:49:25.377 [pool-3-thread-1] DEBUG c.e.o.OrderServiceApplication - Generated mock order
18:49:35.377 [pool-3-thread-1] ERROR c.example.orderservice.OrderManager - REJECTED mock FIX order: ORDER-000064 - BUY MRVL 859 shares @ ${:.2f} (reason: 384.95636030423293)
18:49:35.377 [pool-3-thread-1] DEBUG c.e.o.OrderServiceApplication - Generated mock order
18:49:45.377 [pool-3-thread-1] ERROR c.example.orderservice.OrderManager - REJECTED mock FIX order: ORDER-000065 - SELL QCOM 304 shares @ ${:.2f} (reason: 88.06022142979803)
18:49:45.377 [pool-3-thread-1] DEBUG c.e.o.OrderServiceApplication - Generated mock order
18:49:55.377 [pool-3-thread-1] ERROR c.example.orderservice.OrderManager - REJECTED mock FIX order: ORDER-000066 - SELL TSLA 138 shares @ ${:.2f} (reason: 124.52907919189478)
18:49:55.377 [pool-3-thread-1] DEBUG c.e.o.OrderServiceApplication - Generated mock order
18:50:05.375 [pool-3-thread-1] ERROR c.example.orderservice.OrderManager - REJECTED mock FIX order: ORDER-000067 - BUY TER 392 shares @ ${:.2f} (reason: 226.31596321167103)
18:50:05.376 [pool-3-thread-1] DEBUG c.e.o.OrderServiceApplication - Generated mock order
18:50:15.375 [pool-3-thread-1] ERROR c.example.orderservice.OrderManager - REJECTED mock FIX order: ORDER-000068 - BUY AMAT 311 shares @ ${:.2f} (reason: 334.57276376743727)
18:50:15.376 [pool-3-thread-1] DEBUG c.e.o.OrderServiceApplication - Generated mock order
18:50:25.375 [pool-3-thread-1] ERROR c.example.orderservice.OrderManager - REJECTED mock FIX order: ORDER-000069 - SELL MRVL 860 shares @ ${:.2f} (reason: 256.2756934737016)
18:50:25.375 [pool-3-thread-1] DEBUG c.e.o.OrderServiceApplication - Generated mock order
18:50:35.375 [pool-3-thread-1] ERROR c.example.orderservice.OrderManager - REJECTED mock FIX order: ORDER-000070 - SELL QCOM 834 shares @ ${:.2f} (reason: 197.0562753435563)
18:50:35.376 [pool-3-thread-1] DEBUG c.e.o.OrderServiceApplication - Generated mock order
18:50:45.376 [pool-3-thread-1] ERROR c.example.orderservice.OrderManager - REJECTED mock FIX order: ORDER-000071 - BUY COHR 563 shares @ ${:.2f} (reason: 403.4791640398776)
18:50:45.376 [pool-3-thread-1] DEBUG c.e.o.OrderServiceApplication - Generated mock order
18:50:55.375 [pool-3-thread-1] ERROR c.example.orderservice.OrderManager - REJECTED mock FIX order: ORDER-000072 - BUY TSLA 403 shares @ ${:.2f} (reason: 160.52131677062977)
18:50:55.375 [pool-3-thread-1] DEBUG c.e.o.OrderServiceApplication - Generated mock order
18:51:05.376 [pool-3-thread-1] ERROR c.example.orderservice.OrderManager - REJECTED mock FIX order: ORDER-000073 - SELL MRVL 825 shares @ ${:.2f} (reason: 455.1222612465358)
18:51:05.376 [pool-3-thread-1] DEBUG c.e.o.OrderServiceApplication - Generated mock order
18:51:15.374 [pool-3-thread-1] ERROR c.example.orderservice.OrderManager - REJECTED mock FIX order: ORDER-000074 - SELL MU 874 shares @ ${:.2f} (reason: 132.64793908504114)
18:51:15.375 [pool-3-thread-1] DEBUG c.e.o.OrderServiceApplication - Generated mock order
18:51:25.377 [pool-3-thread-1] ERROR c.example.orderservice.OrderManager - REJECTED mock FIX order: ORDER-000075 - BUY MRVL 536 shares @ ${:.2f} (reason: 307.3896726382236)
18:51:25.377 [pool-3-thread-1] DEBUG c.e.o.OrderServiceApplication - Generated mock order
18:51:35.378 [pool-3-thread-1] ERROR c.example.orderservice.OrderManager - REJECTED mock FIX order: ORDER-000076 - BUY QCOM 269 shares @ ${:.2f} (reason: 428.68720983644613)
18:51:35.378 [pool-3-thread-1] DEBUG c.e.o.OrderServiceApplication - Generated mock order
18:51:45.378 [pool-3-thread-1] ERROR c.example.orderservice.OrderManager - REJECTED mock FIX order: ORDER-000077 - SELL MSFT 253 shares @ ${:.2f} (reason: 265.03660893275526)
18:51:45.378 [pool-3-thread-1] DEBUG c.e.o.OrderServiceApplication - Generated mock order
18:51:55.374 [pool-3-thread-1] ERROR c.example.orderservice.OrderManager - REJECTED mock FIX order: ORDER-000078 - BUY MSFT 845 shares @ ${:.2f} (reason: 342.8766599202362)
18:51:55.375 [pool-3-thread-1] DEBUG c.e.o.OrderServiceApplication - Generated mock order
18:52:05.375 [pool-3-thread-1] ERROR c.example.orderservice.OrderManager - REJECTED mock FIX order: ORDER-000079 - BUY TER 1019 shares @ ${:.2f} (reason: 220.27327789845003)
18:52:05.376 [pool-3-thread-1] DEBUG c.e.o.OrderServiceApplication - Generated mock order
18:52:15.379 [pool-3-thread-1] ERROR c.example.orderservice.OrderManager - REJECTED mock FIX order: ORDER-000080 - BUY AVGO 573 shares @ ${:.2f} (reason: 418.8334936160874)
18:52:15.379 [pool-3-thread-1] DEBUG c.e.o.OrderServiceApplication - Generated mock order
18:52:25.377 [pool-3-thread-1] ERROR c.example.orderservice.OrderManager - REJECTED mock FIX order: ORDER-000081 - SELL SWKS 736 shares @ ${:.2f} (reason: 266.0169550213343)
18:52:25.377 [pool-3-thread-1] DEBUG c.e.o.OrderServiceApplication - Generated mock order
18:52:35.376 [pool-3-thread-1] ERROR c.example.orderservice.OrderManager - REJECTED mock FIX order: ORDER-000082 - SELL AMZN 704 shares @ ${:.2f} (reason: 311.13059889682347)
18:52:35.376 [pool-3-thread-1] DEBUG c.e.o.OrderServiceApplication - Generated mock order
18:52:45.379 [pool-3-thread-1] ERROR c.example.orderservice.OrderManager - REJECTED mock FIX order: ORDER-000083 - BUY COHR 1035 shares @ ${:.2f} (reason: 102.7166079395)
18:52:45.379 [pool-3-thread-1] DEBUG c.e.o.OrderServiceApplication - Generated mock order
18:52:55.377 [pool-3-thread-1] ERROR c.example.orderservice.OrderManager - REJECTED mock FIX order: ORDER-000084 - BUY INTC 773 shares @ ${:.2f} (reason: 523.0384579643438)
18:52:55.377 [pool-3-thread-1] DEBUG c.e.o.OrderServiceApplication - Generated mock order
18:53:05.379 [pool-3-thread-1] ERROR c.example.orderservice.OrderManager - REJECTED mock FIX order: ORDER-000085 - BUY MSFT 990 shares @ ${:.2f} (reason: 313.8686110489852)
18:53:05.380 [pool-3-thread-1] DEBUG c.e.o.OrderServiceApplication - Generated mock order
18:53:15.375 [pool-3-thread-1] ERROR c.example.orderservice.OrderManager - REJECTED mock FIX order: ORDER-000086 - SELL QCOM 866 shares @ ${:.2f} (reason: 408.064220661783)
18:53:15.375 [pool-3-thread-1] DEBUG c.e.o.OrderServiceApplication - Generated mock order
18:53:25.379 [pool-3-thread-1] ERROR c.example.orderservice.OrderManager - REJECTED mock FIX order: ORDER-000087 - BUY CRM 1021 shares @ ${:.2f} (reason: 225.23675448685165)
18:53:25.379 [pool-3-thread-1] DEBUG c.e.o.OrderServiceApplication - Generated mock order
18:53:35.378 [pool-3-thread-1] ERROR c.example.orderservice.OrderManager - REJECTED mock FIX order: ORDER-000088 - SELL TSLA 129 shares @ ${:.2f} (reason: 57.799209168742884)
18:53:35.378 [pool-3-thread-1] DEBUG c.e.o.OrderServiceApplication - Generated mock order
18:53:45.379 [pool-3-thread-1] ERROR c.example.orderservice.OrderManager - REJECTED mock FIX order: ORDER-000089 - SELL TSM 467 shares @ ${:.2f} (reason: 240.43454218197164)
18:53:45.379 [pool-3-thread-1] DEBUG c.e.o.OrderServiceApplication - Generated mock order
18:53:55.378 [pool-3-thread-1] ERROR c.example.orderservice.OrderManager - REJECTED mock FIX order: ORDER-000090 - BUY LRCX 204 shares @ ${:.2f} (reason: 402.12549470924654)
18:53:55.378 [pool-3-thread-1] DEBUG c.e.o.OrderServiceApplication - Generated mock order
18:54:05.379 [pool-3-thread-1] ERROR c.example.orderservice.OrderManager - REJECTED mock FIX order: ORDER-000091 - BUY KLAC 661 shares @ ${:.2f} (reason: 101.25435071201224)
18:54:05.379 [pool-3-thread-1] DEBUG c.e.o.OrderServiceApplication - Generated mock order
18:54:15.380 [pool-3-thread-1] ERROR c.example.orderservice.OrderManager - REJECTED mock FIX order: ORDER-000092 - BUY TSM 136 shares @ ${:.2f} (reason: 395.5173993046453)
18:54:15.380 [pool-3-thread-1] DEBUG c.e.o.OrderServiceApplication - Generated mock order
18:54:25.375 [pool-3-thread-1] ERROR c.example.orderservice.OrderManager - REJECTED mock FIX order: ORDER-000093 - BUY AMZN 509 shares @ ${:.2f} (reason: 146.83254227389745)
18:54:25.375 [pool-3-thread-1] DEBUG c.e.o.OrderServiceApplication - Generated mock order
18:54:35.380 [pool-3-thread-1] ERROR c.example.orderservice.OrderManager - REJECTED mock FIX order: ORDER-000094 - SELL ORCL 361 shares @ ${:.2f} (reason: 94.5571448651647)
18:54:35.381 [pool-3-thread-1] DEBUG c.e.o.OrderServiceApplication - Generated mock order
18:54:45.376 [pool-3-thread-1] ERROR c.example.orderservice.OrderManager - REJECTED mock FIX order: ORDER-000095 - BUY ORCL 397 shares @ ${:.2f} (reason: 509.8765238282034)
18:54:45.376 [pool-3-thread-1] DEBUG c.e.o.OrderServiceApplication - Generated mock order
18:54:55.375 [pool-3-thread-1] ERROR c.example.orderservice.OrderManager - REJECTED mock FIX order: ORDER-000096 - SELL AMD 506 shares @ ${:.2f} (reason: 75.47771928511172)
18:54:55.375 [pool-3-thread-1] DEBUG c.e.o.OrderServiceApplication - Generated mock order
18:55:05.378 [pool-3-thread-1] ERROR c.example.orderservice.OrderManager - REJECTED mock FIX order: ORDER-000097 - BUY MSFT 781 shares @ ${:.2f} (reason: 60.77137069889267)
18:55:05.378 [pool-3-thread-1] DEBUG c.e.o.OrderServiceApplication - Generated mock order
18:55:15.380 [pool-3-thread-1] ERROR c.example.orderservice.OrderManager - REJECTED mock FIX order: ORDER-000098 - BUY TSLA 214 shares @ ${:.2f} (reason: 239.22657107663616)
18:55:15.380 [pool-3-thread-1] DEBUG c.e.o.OrderServiceApplication - Generated mock order
18:55:25.376 [pool-3-thread-1] ERROR c.example.orderservice.OrderManager - REJECTED mock FIX order: ORDER-000099 - SELL TXN 610 shares @ ${:.2f} (reason: 288.0095275283404)
18:55:25.376 [pool-3-thread-1] DEBUG c.e.o.OrderServiceApplication - Generated mock order
18:55:35.379 [pool-3-thread-1] ERROR c.example.orderservice.OrderManager - REJECTED mock FIX order: ORDER-000100 - SELL QCOM 848 shares @ ${:.2f} (reason: 386.9489779693662)
18:55:35.379 [pool-3-thread-1] DEBUG c.e.o.OrderServiceApplication - Generated mock order
18:55:45.380 [pool-3-thread-1] ERROR c.example.orderservice.OrderManager - REJECTED mock FIX order: ORDER-000101 - SELL KLAC 110 shares @ ${:.2f} (reason: 534.1940989299144)
18:55:45.380 [pool-3-thread-1] DEBUG c.e.o.OrderServiceApplication - Generated mock order
18:55:55.376 [pool-3-thread-1] ERROR c.example.orderservice.OrderManager - REJECTED mock FIX order: ORDER-000102 - SELL NVDA 122 shares @ ${:.2f} (reason: 466.7211016540974)
18:55:55.376 [pool-3-thread-1] DEBUG c.e.o.OrderServiceApplication - Generated mock order
18:56:05.381 [pool-3-thread-1] ERROR c.example.orderservice.OrderManager - REJECTED mock FIX order: ORDER-000103 - BUY MCHP 518 shares @ ${:.2f} (reason: 415.55869761927886)
18:56:05.381 [pool-3-thread-1] DEBUG c.e.o.OrderServiceApplication - Generated mock order
18:56:15.380 [pool-3-thread-1] ERROR c.example.orderservice.OrderManager - REJECTED mock FIX order: ORDER-000104 - SELL ENTG 766 shares @ ${:.2f} (reason: 327.68244147144)
18:56:15.380 [pool-3-thread-1] DEBUG c.e.o.OrderServiceApplication - Generated mock order
18:56:25.379 [pool-3-thread-1] ERROR c.example.orderservice.OrderManager - REJECTED mock FIX order: ORDER-000105 - BUY INTC 643 shares @ ${:.2f} (reason: 265.7975642779035)
18:56:25.379 [pool-3-thread-1] DEBUG c.e.o.OrderServiceApplication - Generated mock order
18:56:35.381 [pool-3-thread-1] ERROR c.example.orderservice.OrderManager - REJECTED mock FIX order: ORDER-000106 - SELL AVGO 551 shares @ ${:.2f} (reason: 319.35218274607064)
18:56:35.381 [pool-3-thread-1] DEBUG c.e.o.OrderServiceApplication - Generated mock order
18:56:45.381 [pool-3-thread-1] ERROR c.example.orderservice.OrderManager - REJECTED mock FIX order: ORDER-000107 - BUY NVDA 577 shares @ ${:.2f} (reason: 214.83719432100062)
18:56:45.381 [pool-3-thread-1] DEBUG c.e.o.OrderServiceApplication - Generated mock order
18:56:55.379 [pool-3-thread-1] ERROR c.example.orderservice.OrderManager - REJECTED mock FIX order: ORDER-000108 - BUY QCOM 1083 shares @ ${:.2f} (reason: 329.85138512646756)
18:56:55.380 [pool-3-thread-1] DEBUG c.e.o.OrderServiceApplication - Generated mock order
18:57:05.382 [pool-3-thread-1] ERROR c.example.orderservice.OrderManager - REJECTED mock FIX order: ORDER-000109 - BUY AMAT 493 shares @ ${:.2f} (reason: 544.4026511123997)
18:57:05.382 [pool-3-thread-1] DEBUG c.e.o.OrderServiceApplication - Generated mock order
18:57:15.378 [pool-3-thread-1] ERROR c.example.orderservice.OrderManager - REJECTED mock FIX order: ORDER-000110 - SELL MCHP 895 shares @ ${:.2f} (reason: 219.04430283436977)
18:57:15.378 [pool-3-thread-1] DEBUG c.e.o.OrderServiceApplication - Generated mock order
18:57:25.381 [pool-3-thread-1] ERROR c.example.orderservice.OrderManager - REJECTED mock FIX order: ORDER-000111 - BUY TSLA 814 shares @ ${:.2f} (reason: 235.79294146636278)
18:57:25.381 [pool-3-thread-1] DEBUG c.e.o.OrderServiceApplication - Generated mock order
18:57:35.380 [pool-3-thread-1] ERROR c.example.orderservice.OrderManager - REJECTED mock FIX order: ORDER-000112 - BUY QCOM 511 shares @ ${:.2f} (reason: 212.37058830971935)
18:57:35.380 [pool-3-thread-1] DEBUG c.e.o.OrderServiceApplication - Generated mock order
18:57:45.380 [pool-3-thread-1] ERROR c.example.orderservice.OrderManager - REJECTED mock FIX order: ORDER-000113 - SELL MU 475 shares @ ${:.2f} (reason: 223.70097468686996)
18:57:45.380 [pool-3-thread-1] DEBUG c.e.o.OrderServiceApplication - Generated mock order
18:57:55.380 [pool-3-thread-1] ERROR c.example.orderservice.OrderManager - REJECTED mock FIX order: ORDER-000114 - SELL TXN 192 shares @ ${:.2f} (reason: 233.54129482669939)
18:57:55.380 [pool-3-thread-1] DEBUG c.e.o.OrderServiceApplication - Generated mock order
18:58:05.382 [pool-3-thread-1] ERROR c.example.orderservice.OrderManager - REJECTED mock FIX order: ORDER-000115 - BUY TER 340 shares @ ${:.2f} (reason: 102.27651285494201)
18:58:05.383 [pool-3-thread-1] DEBUG c.e.o.OrderServiceApplication - Generated mock order
18:58:15.379 [pool-3-thread-1] ERROR c.example.orderservice.OrderManager - REJECTED mock FIX order: ORDER-000116 - SELL COHR 547 shares @ ${:.2f} (reason: 463.55375873326415)
18:58:15.379 [pool-3-thread-1] DEBUG c.e.o.OrderServiceApplication - Generated mock order
18:58:25.381 [pool-3-thread-1] ERROR c.example.orderservice.OrderManager - REJECTED mock FIX order: ORDER-000117 - BUY ADI 975 shares @ ${:.2f} (reason: 56.57916117155993)
18:58:25.381 [pool-3-thread-1] DEBUG c.e.o.OrderServiceApplication - Generated mock order
18:58:35.382 [pool-3-thread-1] ERROR c.example.orderservice.OrderManager - REJECTED mock FIX order: ORDER-000118 - SELL AMAT 376 shares @ ${:.2f} (reason: 377.9449168526677)
18:58:35.382 [pool-3-thread-1] DEBUG c.e.o.OrderServiceApplication - Generated mock order
18:58:45.381 [pool-3-thread-1] ERROR c.example.orderservice.OrderManager - REJECTED mock FIX order: ORDER-000119 - SELL ENTG 1097 shares @ ${:.2f} (reason: 251.31103205086288)
18:58:45.381 [pool-3-thread-1] DEBUG c.e.o.OrderServiceApplication - Generated mock order
18:58:55.382 [pool-3-thread-1] ERROR c.example.orderservice.OrderManager - REJECTED mock FIX order: ORDER-000120 - SELL COHR 676 shares @ ${:.2f} (reason: 181.2116734001718)
18:58:55.382 [pool-3-thread-1] DEBUG c.e.o.OrderServiceApplication - Generated mock order
18:59:05.381 [pool-3-thread-1] ERROR c.example.orderservice.OrderManager - REJECTED mock FIX order: ORDER-000121 - BUY ORCL 975 shares @ ${:.2f} (reason: 538.0229404030555)
18:59:05.381 [pool-3-thread-1] DEBUG c.e.o.OrderServiceApplication - Generated mock order
18:59:15.382 [pool-3-thread-1] ERROR c.example.orderservice.OrderManager - REJECTED mock FIX order: ORDER-000122 - SELL TSM 393 shares @ ${:.2f} (reason: 388.30739106870647)
18:59:15.382 [pool-3-thread-1] DEBUG c.e.o.OrderServiceApplication - Generated mock order
18:59:25.381 [pool-3-thread-1] ERROR c.example.orderservice.OrderManager - REJECTED mock FIX order: ORDER-000123 - BUY TSLA 944 shares @ ${:.2f} (reason: 107.18851102451734)
18:59:25.381 [pool-3-thread-1] DEBUG c.e.o.OrderServiceApplication - Generated mock order
18:59:35.379 [pool-3-thread-1] ERROR c.example.orderservice.OrderManager - REJECTED mock FIX order: ORDER-000124 - SELL AVGO 776 shares @ ${:.2f} (reason: 298.56315479743733)
18:59:35.379 [pool-3-thread-1] DEBUG c.e.o.OrderServiceApplication - Generated mock order
18:59:45.383 [pool-3-thread-1] ERROR c.example.orderservice.OrderManager - REJECTED mock FIX order: ORDER-000125 - SELL COHR 297 shares @ ${:.2f} (reason: 429.5287191668943)
18:59:45.383 [pool-3-thread-1] DEBUG c.e.o.OrderServiceApplication - Generated mock order
18:59:55.382 [pool-3-thread-1] ERROR c.example.orderservice.OrderManager - REJECTED mock FIX order: ORDER-000126 - BUY AVGO 557 shares @ ${:.2f} (reason: 431.83177916749423)
18:59:55.382 [pool-3-thread-1] DEBUG c.e.o.OrderServiceApplication - Generated mock order
19:00:05.383 [pool-3-thread-1] ERROR c.example.orderservice.OrderManager - REJECTED mock FIX order: ORDER-000127 - SELL TER 1012 shares @ ${:.2f} (reason: 295.2051422973922)
19:00:05.383 [pool-3-thread-1] DEBUG c.e.o.OrderServiceApplication - Generated mock order
19:00:15.380 [pool-3-thread-1] ERROR c.example.orderservice.OrderManager - REJECTED mock FIX order: ORDER-000128 - SELL CRM 479 shares @ ${:.2f} (reason: 103.72563056613834)
19:00:15.380 [pool-3-thread-1] DEBUG c.e.o.OrderServiceApplication - Generated mock order
19:00:25.378 [pool-3-thread-1] ERROR c.example.orderservice.OrderManager - REJECTED mock FIX order: ORDER-000129 - SELL TSM 229 shares @ ${:.2f} (reason: 365.00149383967096)
19:00:25.378 [pool-3-thread-1] DEBUG c.e.o.OrderServiceApplication - Generated mock order
19:00:35.365 [pool-3-thread-1] ERROR c.example.orderservice.OrderManager - REJECTED mock FIX order: ORDER-000130 - BUY INTC 130 shares @ ${:.2f} (reason: 74.19106801944854)
19:00:35.365 [pool-3-thread-1] DEBUG c.e.o.OrderServiceApplication - Generated mock order
19:00:45.359 [pool-3-thread-1] ERROR c.example.orderservice.OrderManager - REJECTED mock FIX order: ORDER-000131 - BUY NFLX 1082 shares @ ${:.2f} (reason: 515.9614672536775)
19:00:45.359 [pool-3-thread-1] DEBUG c.e.o.OrderServiceApplication - Generated mock order
19:00:55.357 [pool-3-thread-1] ERROR c.example.orderservice.OrderManager - REJECTED mock FIX order: ORDER-000132 - BUY QCOM 915 shares @ ${:.2f} (reason: 518.0715206670397)
19:00:55.357 [pool-3-thread-1] DEBUG c.e.o.OrderServiceApplication - Generated mock order
19:01:05.354 [pool-3-thread-1] ERROR c.example.orderservice.OrderManager - REJECTED mock FIX order: ORDER-000133 - SELL INTC 1079 shares @ ${:.2f} (reason: 368.29332730821335)
19:01:05.354 [pool-3-thread-1] DEBUG c.e.o.OrderServiceApplication - Generated mock order
19:01:15.353 [pool-3-thread-1] ERROR c.example.orderservice.OrderManager - REJECTED mock FIX order: ORDER-000134 - SELL MRVL 911 shares @ ${:.2f} (reason: 508.55886736626456)
19:01:15.353 [pool-3-thread-1] DEBUG c.e.o.OrderServiceApplication - Generated mock order
19:01:25.352 [pool-3-thread-1] ERROR c.example.orderservice.OrderManager - REJECTED mock FIX order: ORDER-000135 - BUY AMD 363 shares @ ${:.2f} (reason: 170.39167515116606)
19:01:25.352 [pool-3-thread-1] DEBUG c.e.o.OrderServiceApplication - Generated mock order
19:01:35.351 [pool-3-thread-1] ERROR c.example.orderservice.OrderManager - REJECTED mock FIX order: ORDER-000136 - BUY MU 368 shares @ ${:.2f} (reason: 134.38122187472345)
19:01:35.351 [pool-3-thread-1] DEBUG c.e.o.OrderServiceApplication - Generated mock order
19:01:45.352 [pool-3-thread-1] ERROR c.example.orderservice.OrderManager - REJECTED mock FIX order: ORDER-000137 - SELL NFLX 850 shares @ ${:.2f} (reason: 245.83771342691736)
19:01:45.352 [pool-3-thread-1] DEBUG c.e.o.OrderServiceApplication - Generated mock order
19:01:55.353 [pool-3-thread-1] ERROR c.example.orderservice.OrderManager - REJECTED mock FIX order: ORDER-000138 - BUY AMD 853 shares @ ${:.2f} (reason: 63.151586881784915)
19:01:55.353 [pool-3-thread-1] DEBUG c.e.o.OrderServiceApplication - Generated mock order
19:02:05.353 [pool-3-thread-1] ERROR c.example.orderservice.OrderManager - REJECTED mock FIX order: ORDER-000139 - BUY AVGO 703 shares @ ${:.2f} (reason: 248.04945369020328)
19:02:05.353 [pool-3-thread-1] DEBUG c.e.o.OrderServiceApplication - Generated mock order
19:02:15.353 [pool-3-thread-1] ERROR c.example.orderservice.OrderManager - REJECTED mock FIX order: ORDER-000140 - SELL TSM 1076 shares @ ${:.2f} (reason: 129.49307488797496)
19:02:15.354 [pool-3-thread-1] DEBUG c.e.o.OrderServiceApplication - Generated mock order
19:02:25.350 [pool-3-thread-1] ERROR c.example.orderservice.OrderManager - REJECTED mock FIX order: ORDER-000141 - SELL TSM 717 shares @ ${:.2f} (reason: 154.26071627150895)
19:02:25.350 [pool-3-thread-1] DEBUG c.e.o.OrderServiceApplication - Generated mock order
19:02:35.351 [pool-3-thread-1] ERROR c.example.orderservice.OrderManager - REJECTED mock FIX order: ORDER-000142 - BUY MRVL 630 shares @ ${:.2f} (reason: 344.4141751380752)
19:02:35.351 [pool-3-thread-1] DEBUG c.e.o.OrderServiceApplication - Generated mock order
19:02:45.353 [pool-3-thread-1] ERROR c.example.orderservice.OrderManager - REJECTED mock FIX order: ORDER-000143 - BUY TXN 578 shares @ ${:.2f} (reason: 366.66606610285106)
19:02:45.353 [pool-3-thread-1] DEBUG c.e.o.OrderServiceApplication - Generated mock order
19:02:55.352 [pool-3-thread-1] ERROR c.example.orderservice.OrderManager - REJECTED mock FIX order: ORDER-000144 - SELL MSFT 1039 shares @ ${:.2f} (reason: 358.04508406365034)
19:02:55.352 [pool-3-thread-1] DEBUG c.e.o.OrderServiceApplication - Generated mock order
19:03:05.353 [pool-3-thread-1] ERROR c.example.orderservice.OrderManager - REJECTED mock FIX order: ORDER-000145 - BUY INTC 289 shares @ ${:.2f} (reason: 182.40076967383385)
19:03:05.353 [pool-3-thread-1] DEBUG c.e.o.OrderServiceApplication - Generated mock order
19:03:15.353 [pool-3-thread-1] ERROR c.example.orderservice.OrderManager - REJECTED mock FIX order: ORDER-000146 - SELL ADBE 345 shares @ ${:.2f} (reason: 541.4382379075478)
19:03:15.353 [pool-3-thread-1] DEBUG c.e.o.OrderServiceApplication - Generated mock order
19:03:25.349 [pool-3-thread-1] ERROR c.example.orderservice.OrderManager - REJECTED mock FIX order: ORDER-000147 - SELL KLAC 1051 shares @ ${:.2f} (reason: 179.60985786949558)
19:03:25.349 [pool-3-thread-1] DEBUG c.e.o.OrderServiceApplication - Generated mock order
19:03:35.349 [pool-3-thread-1] ERROR c.example.orderservice.OrderManager - REJECTED mock FIX order: ORDER-000148 - SELL MU 356 shares @ ${:.2f} (reason: 203.92284275679046)
19:03:35.349 [pool-3-thread-1] DEBUG c.e.o.OrderServiceApplication - Generated mock order
19:03:45.353 [pool-3-thread-1] ERROR c.example.orderservice.OrderManager - REJECTED mock FIX order: ORDER-000149 - SELL QCOM 560 shares @ ${:.2f} (reason: 529.8445609080859)
19:03:45.353 [pool-3-thread-1] DEBUG c.e.o.OrderServiceApplication - Generated mock order
19:03:55.349 [pool-3-thread-1] ERROR c.example.orderservice.OrderManager - REJECTED mock FIX order: ORDER-000150 - BUY AMAT 691 shares @ ${:.2f} (reason: 413.78368812951703)
19:03:55.349 [pool-3-thread-1] DEBUG c.e.o.OrderServiceApplication - Generated mock order
19:04:05.352 [pool-3-thread-1] ERROR c.example.orderservice.OrderManager - REJECTED mock FIX order: ORDER-000151 - SELL COHR 1023 shares @ ${:.2f} (reason: 149.61431173777692)
19:04:05.352 [pool-3-thread-1] DEBUG c.e.o.OrderServiceApplication - Generated mock order
19:04:15.353 [pool-3-thread-1] ERROR c.example.orderservice.OrderManager - REJECTED mock FIX order: ORDER-000152 - BUY NVDA 613 shares @ ${:.2f} (reason: 114.17245773141732)
19:04:15.353 [pool-3-thread-1] DEBUG c.e.o.OrderServiceApplication - Generated mock order
19:04:25.349 [pool-3-thread-1] ERROR c.example.orderservice.OrderManager - REJECTED mock FIX order: ORDER-000153 - SELL INTC 959 shares @ ${:.2f} (reason: 309.8873503103635)
19:04:25.349 [pool-3-thread-1] DEBUG c.e.o.OrderServiceApplication - Generated mock order
19:04:35.353 [pool-3-thread-1] ERROR c.example.orderservice.OrderManager - REJECTED mock FIX order: ORDER-000154 - SELL AMZN 519 shares @ ${:.2f} (reason: 309.58200149271767)
19:04:35.353 [pool-3-thread-1] DEBUG c.e.o.OrderServiceApplication - Generated mock order
19:04:45.352 [pool-3-thread-1] ERROR c.example.orderservice.OrderManager - REJECTED mock FIX order: ORDER-000155 - SELL SWKS 1089 shares @ ${:.2f} (reason: 422.00537656054763)
19:04:45.352 [pool-3-thread-1] DEBUG c.e.o.OrderServiceApplication - Generated mock order
19:04:55.353 [pool-3-thread-1] ERROR c.example.orderservice.OrderManager - REJECTED mock FIX order: ORDER-000156 - BUY AAPL 811 shares @ ${:.2f} (reason: 166.40705385577994)
19:04:55.353 [pool-3-thread-1] DEBUG c.e.o.OrderServiceApplication - Generated mock order
19:05:05.352 [pool-3-thread-1] ERROR c.example.orderservice.OrderManager - REJECTED mock FIX order: ORDER-000157 - BUY ORCL 612 shares @ ${:.2f} (reason: 153.75192666401006)
19:05:05.352 [pool-3-thread-1] DEBUG c.e.o.OrderServiceApplication - Generated mock order
19:05:15.353 [pool-3-thread-1] ERROR c.example.orderservice.OrderManager - REJECTED mock FIX order: ORDER-000158 - SELL TXN 502 shares @ ${:.2f} (reason: 213.6309654078702)
19:05:15.353 [pool-3-thread-1] DEBUG c.e.o.OrderServiceApplication - Generated mock order
19:05:25.350 [pool-3-thread-1] ERROR c.example.orderservice.OrderManager - REJECTED mock FIX order: ORDER-000159 - BUY ADI 925 shares @ ${:.2f} (reason: 218.64686423977315)
19:05:25.350 [pool-3-thread-1] DEBUG c.e.o.OrderServiceApplication - Generated mock order
19:05:35.353 [pool-3-thread-1] ERROR c.example.orderservice.OrderManager - REJECTED mock FIX order: ORDER-000160 - BUY MCHP 1091 shares @ ${:.2f} (reason: 525.129788693727)
19:05:35.353 [pool-3-thread-1] DEBUG c.e.o.OrderServiceApplication - Generated mock order
19:05:45.350 [pool-3-thread-1] ERROR c.example.orderservice.OrderManager - REJECTED mock FIX order: ORDER-000161 - SELL MU 577 shares @ ${:.2f} (reason: 144.95096520717394)
19:05:45.350 [pool-3-thread-1] DEBUG c.e.o.OrderServiceApplication - Generated mock order
19:05:55.353 [pool-3-thread-1] ERROR c.example.orderservice.OrderManager - REJECTED mock FIX order: ORDER-000162 - BUY NVDA 687 shares @ ${:.2f} (reason: 306.14830492789997)
19:05:55.353 [pool-3-thread-1] DEBUG c.e.o.OrderServiceApplication - Generated mock order
19:06:05.350 [pool-3-thread-1] ERROR c.example.orderservice.OrderManager - REJECTED mock FIX order: ORDER-000163 - BUY NVDA 176 shares @ ${:.2f} (reason: 314.93611893039287)
19:06:05.350 [pool-3-thread-1] DEBUG c.e.o.OrderServiceApplication - Generated mock order
19:06:15.350 [pool-3-thread-1] ERROR c.example.orderservice.OrderManager - REJECTED mock FIX order: ORDER-000164 - SELL ADI 257 shares @ ${:.2f} (reason: 224.9157893450756)
19:06:15.350 [pool-3-thread-1] DEBUG c.e.o.OrderServiceApplication - Generated mock order
19:06:25.353 [pool-3-thread-1] ERROR c.example.orderservice.OrderManager - REJECTED mock FIX order: ORDER-000165 - SELL INTC 839 shares @ ${:.2f} (reason: 167.85348931692891)
19:06:25.353 [pool-3-thread-1] DEBUG c.e.o.OrderServiceApplication - Generated mock order
19:06:35.350 [pool-3-thread-1] ERROR c.example.orderservice.OrderManager - REJECTED mock FIX order: ORDER-000166 - SELL MCHP 1080 shares @ ${:.2f} (reason: 321.93308543840527)
19:06:35.350 [pool-3-thread-1] DEBUG c.e.o.OrderServiceApplication - Generated mock order
19:06:45.353 [pool-3-thread-1] ERROR c.example.orderservice.OrderManager - REJECTED mock FIX order: ORDER-000167 - SELL ASML 529 shares @ ${:.2f} (reason: 256.42036972977155)
19:06:45.353 [pool-3-thread-1] DEBUG c.e.o.OrderServiceApplication - Generated mock order
19:06:55.351 [pool-3-thread-1] ERROR c.example.orderservice.OrderManager - REJECTED mock FIX order: ORDER-000168 - SELL LRCX 137 shares @ ${:.2f} (reason: 379.04019743450607)
19:06:55.351 [pool-3-thread-1] DEBUG c.e.o.OrderServiceApplication - Generated mock order
19:07:05.353 [pool-3-thread-1] ERROR c.example.orderservice.OrderManager - REJECTED mock FIX order: ORDER-000169 - SELL AMAT 971 shares @ ${:.2f} (reason: 512.8169614589676)
19:07:05.353 [pool-3-thread-1] DEBUG c.e.o.OrderServiceApplication - Generated mock order
19:07:15.351 [pool-3-thread-1] ERROR c.example.orderservice.OrderManager - REJECTED mock FIX order: ORDER-000170 - SELL NVDA 211 shares @ ${:.2f} (reason: 136.89125838782593)
19:07:15.352 [pool-3-thread-1] DEBUG c.e.o.OrderServiceApplication - Generated mock order
19:07:25.350 [pool-3-thread-1] ERROR c.example.orderservice.OrderManager - REJECTED mock FIX order: ORDER-000171 - SELL ORCL 627 shares @ ${:.2f} (reason: 518.9674803777159)
19:07:25.350 [pool-3-thread-1] DEBUG c.e.o.OrderServiceApplication - Generated mock order
19:07:35.350 [pool-3-thread-1] ERROR c.example.orderservice.OrderManager - REJECTED mock FIX order: ORDER-000172 - BUY TSLA 112 shares @ ${:.2f} (reason: 150.90876783795176)
19:07:35.350 [pool-3-thread-1] DEBUG c.e.o.OrderServiceApplication - Generated mock order
19:07:45.351 [pool-3-thread-1] ERROR c.example.orderservice.OrderManager - REJECTED mock FIX order: ORDER-000173 - BUY NVDA 564 shares @ ${:.2f} (reason: 541.6721321046103)
19:07:45.351 [pool-3-thread-1] DEBUG c.e.o.OrderServiceApplication - Generated mock order
19:07:55.350 [pool-3-thread-1] ERROR c.example.orderservice.OrderManager - REJECTED mock FIX order: ORDER-000174 - SELL KLAC 1098 shares @ ${:.2f} (reason: 474.2134565748389)
19:07:55.350 [pool-3-thread-1] DEBUG c.e.o.OrderServiceApplication - Generated mock order
19:08:05.352 [pool-3-thread-1] ERROR c.example.orderservice.OrderManager - REJECTED mock FIX order: ORDER-000175 - BUY GOOGL 344 shares @ ${:.2f} (reason: 316.9130654580799)
19:08:05.352 [pool-3-thread-1] DEBUG c.e.o.OrderServiceApplication - Generated mock order
19:08:15.350 [pool-3-thread-1] ERROR c.example.orderservice.OrderManager - REJECTED mock FIX order: ORDER-000176 - SELL ADI 638 shares @ ${:.2f} (reason: 142.54218859371028)
19:08:15.350 [pool-3-thread-1] DEBUG c.e.o.OrderServiceApplication - Generated mock order
19:08:25.352 [pool-3-thread-1] ERROR c.example.orderservice.OrderManager - REJECTED mock FIX order: ORDER-000177 - BUY ASML 170 shares @ ${:.2f} (reason: 381.89870835062493)
19:08:25.352 [pool-3-thread-1] DEBUG c.e.o.OrderServiceApplication - Generated mock order
19:08:35.353 [pool-3-thread-1] ERROR c.example.orderservice.OrderManager - REJECTED mock FIX order: ORDER-000178 - SELL NVDA 994 shares @ ${:.2f} (reason: 415.95025479515243)
19:08:35.353 [pool-3-thread-1] DEBUG c.e.o.OrderServiceApplication - Generated mock order
19:08:45.353 [pool-3-thread-1] ERROR c.example.orderservice.OrderManager - REJECTED mock FIX order: ORDER-000179 - SELL TSLA 295 shares @ ${:.2f} (reason: 217.21936829256683)
19:08:45.353 [pool-3-thread-1] DEBUG c.e.o.OrderServiceApplication - Generated mock order
19:08:55.353 [pool-3-thread-1] ERROR c.example.orderservice.OrderManager - REJECTED mock FIX order: ORDER-000180 - BUY MSFT 719 shares @ ${:.2f} (reason: 249.38471351337267)
19:08:55.353 [pool-3-thread-1] DEBUG c.e.o.OrderServiceApplication - Generated mock order
19:09:05.352 [pool-3-thread-1] ERROR c.example.orderservice.OrderManager - REJECTED mock FIX order: ORDER-000181 - SELL NVDA 328 shares @ ${:.2f} (reason: 485.50564539148024)
19:09:05.352 [pool-3-thread-1] DEBUG c.e.o.OrderServiceApplication - Generated mock order
19:09:15.353 [pool-3-thread-1] ERROR c.example.orderservice.OrderManager - REJECTED mock FIX order: ORDER-000182 - BUY GOOGL 515 shares @ ${:.2f} (reason: 527.3122621455384)
19:09:15.353 [pool-3-thread-1] DEBUG c.e.o.OrderServiceApplication - Generated mock order
19:09:25.349 [pool-3-thread-1] ERROR c.example.orderservice.OrderManager - REJECTED mock FIX order: ORDER-000183 - SELL ASML 878 shares @ ${:.2f} (reason: 124.41927275227339)
19:09:25.349 [pool-3-thread-1] DEBUG c.e.o.OrderServiceApplication - Generated mock order
19:09:35.353 [pool-3-thread-1] ERROR c.example.orderservice.OrderManager - REJECTED mock FIX order: ORDER-000184 - BUY ADBE 877 shares @ ${:.2f} (reason: 503.85233192462346)
19:09:35.353 [pool-3-thread-1] DEBUG c.e.o.OrderServiceApplication - Generated mock order
19:09:45.354 [pool-3-thread-1] ERROR c.example.orderservice.OrderManager - REJECTED mock FIX order: ORDER-000185 - BUY LRCX 610 shares @ ${:.2f} (reason: 459.430607503272)
19:09:45.354 [pool-3-thread-1] DEBUG c.e.o.OrderServiceApplication - Generated mock order
19:09:55.353 [pool-3-thread-1] ERROR c.example.orderservice.OrderManager - REJECTED mock FIX order: ORDER-000186 - BUY AMZN 213 shares @ ${:.2f} (reason: 350.72929851583433)
19:09:55.354 [pool-3-thread-1] DEBUG c.e.o.OrderServiceApplication - Generated mock order


FAILURE: Build failed with an exception.

* What went wrong:
Gradle build daemon has been stopped: stop command received

* Try:
> Run with --stacktrace option to get the stack trace.
> Run with --info or --debug option to get more log output.
> Run with --scan to generate a Build Scan (Powered by Develocity).
> Get more help at https://help.gradle.org.
